<?xml version="1.0" encoding="UTF-8"?>
<coverage generated="1713947945773" clover="3.2.0">
  <project timestamp="1713947945774" name="All files">
    <metrics statements="165" coveredstatements="150" conditionals="59" coveredconditionals="49" methods="33" coveredmethods="31" elements="257" coveredelements="230" complexity="0" loc="165" ncloc="165" packages="5" files="7" classes="7"/>
    <package name="src">
      <metrics statements="48" coveredstatements="35" conditionals="22" coveredconditionals="15" methods="6" coveredmethods="4"/>
      <file name="index.ts" path="D:\CODE\toy-robot-cli\src\index.ts">
        <metrics statements="48" coveredstatements="35" conditionals="22" coveredconditionals="15" methods="6" coveredmethods="4"/>
        <line num="1" count="1" type="stmt"/>
        <line num="2" count="1" type="stmt"/>
        <line num="3" count="1" type="stmt"/>
        <line num="4" count="1" type="stmt"/>
        <line num="5" count="1" type="stmt"/>
        <line num="8" count="1" type="stmt"/>
        <line num="9" count="5" type="stmt"/>
        <line num="10" count="20" type="stmt"/>
        <line num="13" count="5" type="cond" truecount="1" falsecount="1"/>
        <line num="14" count="0" type="stmt"/>
        <line num="15" count="0" type="stmt"/>
        <line num="17" count="0" type="stmt"/>
        <line num="19" count="5" type="cond" truecount="2" falsecount="0"/>
        <line num="20" count="1" type="cond" truecount="1" falsecount="1"/>
        <line num="21" count="1" type="stmt"/>
        <line num="23" count="0" type="stmt"/>
        <line num="24" count="0" type="stmt"/>
        <line num="26" count="0" type="stmt"/>
        <line num="30" count="4" type="cond" truecount="2" falsecount="0"/>
        <line num="31" count="1" type="cond" truecount="1" falsecount="1"/>
        <line num="32" count="1" type="stmt"/>
        <line num="34" count="0" type="stmt"/>
        <line num="37" count="3" type="cond" truecount="2" falsecount="0"/>
        <line num="38" count="1" type="cond" truecount="1" falsecount="1"/>
        <line num="39" count="1" type="stmt"/>
        <line num="41" count="0" type="stmt"/>
        <line num="44" count="2" type="cond" truecount="2" falsecount="0"/>
        <line num="45" count="1" type="cond" truecount="1" falsecount="1"/>
        <line num="46" count="1" type="stmt"/>
        <line num="48" count="0" type="stmt"/>
        <line num="51" count="1" type="cond" truecount="1" falsecount="1"/>
        <line num="52" count="0" type="stmt"/>
        <line num="54" count="1" type="stmt"/>
        <line num="56" count="5" type="stmt"/>
        <line num="59" count="1" type="stmt"/>
        <line num="60" count="3" type="stmt"/>
        <line num="61" count="3" type="stmt"/>
        <line num="62" count="3" type="stmt"/>
        <line num="63" count="3" type="cond" truecount="1" falsecount="1"/>
        <line num="67" count="1" type="stmt"/>
        <line num="68" count="3" type="stmt"/>
        <line num="69" count="3" type="stmt"/>
        <line num="72" count="3" type="stmt"/>
        <line num="73" count="0" type="stmt"/>
        <line num="74" count="0" type="stmt"/>
        <line num="75" count="0" type="stmt"/>
        <line num="79" count="1" type="stmt"/>
        <line num="80" count="1" type="stmt"/>
      </file>
    </package>
    <package name="src.classes.Grid">
      <metrics statements="15" coveredstatements="15" conditionals="1" coveredconditionals="1" methods="7" coveredmethods="7"/>
      <file name="index.ts" path="D:\CODE\toy-robot-cli\src\classes\Grid\index.ts">
        <metrics statements="15" coveredstatements="15" conditionals="1" coveredconditionals="1" methods="7" coveredmethods="7"/>
        <line num="1" count="4" type="stmt"/>
        <line num="11" count="5" type="stmt"/>
        <line num="12" count="5" type="stmt"/>
        <line num="13" count="5" type="stmt"/>
        <line num="14" count="5" type="stmt"/>
        <line num="18" count="9" type="stmt"/>
        <line num="19" count="9" type="cond" truecount="1" falsecount="0"/>
        <line num="20" count="4" type="stmt"/>
        <line num="21" count="4" type="stmt"/>
        <line num="23" count="45" type="stmt"/>
        <line num="30" count="45" type="stmt"/>
        <line num="34" count="16" type="stmt"/>
        <line num="38" count="5" type="stmt"/>
        <line num="39" count="5" type="stmt"/>
        <line num="43" count="4" type="stmt"/>
      </file>
    </package>
    <package name="src.classes.Robot">
      <metrics statements="43" coveredstatements="43" conditionals="14" coveredconditionals="14" methods="11" coveredmethods="11"/>
      <file name="index.ts" path="D:\CODE\toy-robot-cli\src\classes\Robot\index.ts">
        <metrics statements="43" coveredstatements="43" conditionals="14" coveredconditionals="14" methods="11" coveredmethods="11"/>
        <line num="2" count="4" type="stmt"/>
        <line num="6" count="4" type="stmt"/>
        <line num="21" count="16" type="stmt"/>
        <line num="22" count="16" type="stmt"/>
        <line num="23" count="16" type="stmt"/>
        <line num="24" count="16" type="stmt"/>
        <line num="25" count="16" type="stmt"/>
        <line num="26" count="16" type="stmt"/>
        <line num="31" count="17" type="stmt"/>
        <line num="32" count="17" type="stmt"/>
        <line num="36" count="31" type="stmt"/>
        <line num="40" count="46" type="stmt"/>
        <line num="41" count="23" type="cond" truecount="3" falsecount="0"/>
        <line num="42" count="12" type="stmt"/>
        <line num="44" count="11" type="stmt"/>
        <line num="48" count="8" type="cond" truecount="1" falsecount="0"/>
        <line num="49" count="2" type="stmt"/>
        <line num="50" count="2" type="stmt"/>
        <line num="52" count="6" type="stmt"/>
        <line num="59" count="2" type="cond" truecount="2" falsecount="0"/>
        <line num="60" count="2" type="stmt"/>
        <line num="61" count="1" type="stmt"/>
        <line num="63" count="1" type="stmt"/>
        <line num="68" count="4" type="cond" truecount="4" falsecount="0"/>
        <line num="70" count="1" type="stmt"/>
        <line num="71" count="1" type="stmt"/>
        <line num="73" count="1" type="stmt"/>
        <line num="74" count="1" type="stmt"/>
        <line num="76" count="1" type="stmt"/>
        <line num="77" count="1" type="stmt"/>
        <line num="79" count="1" type="stmt"/>
        <line num="80" count="1" type="stmt"/>
        <line num="85" count="4" type="cond" truecount="4" falsecount="0"/>
        <line num="87" count="1" type="stmt"/>
        <line num="88" count="1" type="stmt"/>
        <line num="90" count="1" type="stmt"/>
        <line num="91" count="1" type="stmt"/>
        <line num="93" count="1" type="stmt"/>
        <line num="94" count="1" type="stmt"/>
        <line num="96" count="1" type="stmt"/>
        <line num="97" count="1" type="stmt"/>
        <line num="102" count="1" type="stmt"/>
        <line num="106" count="4" type="stmt"/>
      </file>
    </package>
    <package name="src.functions">
      <metrics statements="16" coveredstatements="14" conditionals="10" coveredconditionals="7" methods="1" coveredmethods="1"/>
      <file name="place.ts" path="D:\CODE\toy-robot-cli\src\functions\place.ts">
        <metrics statements="16" coveredstatements="14" conditionals="10" coveredconditionals="7" methods="1" coveredmethods="1"/>
        <line num="2" count="2" type="stmt"/>
        <line num="3" count="2" type="stmt"/>
        <line num="10" count="4" type="cond" truecount="1" falsecount="0"/>
        <line num="11" count="1" type="stmt"/>
        <line num="14" count="3" type="stmt"/>
        <line num="15" count="3" type="stmt"/>
        <line num="16" count="3" type="stmt"/>
        <line num="18" count="3" type="cond" truecount="1" falsecount="0"/>
        <line num="20" count="1" type="stmt"/>
        <line num="22" count="2" type="cond" truecount="3" falsecount="0"/>
        <line num="24" count="1" type="stmt"/>
        <line num="26" count="1" type="cond" truecount="2" falsecount="3"/>
        <line num="28" count="1" type="stmt"/>
        <line num="32" count="0" type="stmt"/>
        <line num="33" count="0" type="stmt"/>
        <line num="36" count="2" type="stmt"/>
      </file>
    </package>
    <package name="src.utils">
      <metrics statements="43" coveredstatements="43" conditionals="12" coveredconditionals="12" methods="8" coveredmethods="8"/>
      <file name="constants.ts" path="D:\CODE\toy-robot-cli\src\utils\constants.ts">
        <metrics statements="8" coveredstatements="8" conditionals="0" coveredconditionals="0" methods="0" coveredmethods="0"/>
        <line num="1" count="2" type="stmt"/>
        <line num="15" count="2" type="stmt"/>
        <line num="16" count="2" type="stmt"/>
        <line num="17" count="2" type="stmt"/>
        <line num="19" count="2" type="stmt"/>
        <line num="30" count="2" type="stmt"/>
        <line num="32" count="2" type="stmt"/>
        <line num="37" count="2" type="stmt"/>
      </file>
      <file name="enums.ts" path="D:\CODE\toy-robot-cli\src\utils\enums.ts">
        <metrics statements="20" coveredstatements="20" conditionals="8" coveredconditionals="8" methods="4" coveredmethods="4"/>
        <line num="1" count="5" type="cond" truecount="2" falsecount="0"/>
        <line num="2" count="5" type="stmt"/>
        <line num="3" count="5" type="stmt"/>
        <line num="4" count="5" type="stmt"/>
        <line num="5" count="5" type="stmt"/>
        <line num="8" count="5" type="cond" truecount="2" falsecount="0"/>
        <line num="9" count="5" type="stmt"/>
        <line num="10" count="5" type="stmt"/>
        <line num="11" count="5" type="stmt"/>
        <line num="12" count="5" type="stmt"/>
        <line num="15" count="5" type="cond" truecount="2" falsecount="0"/>
        <line num="16" count="5" type="stmt"/>
        <line num="17" count="5" type="stmt"/>
        <line num="18" count="5" type="stmt"/>
        <line num="19" count="5" type="stmt"/>
        <line num="22" count="5" type="cond" truecount="2" falsecount="0"/>
        <line num="23" count="5" type="stmt"/>
        <line num="24" count="5" type="stmt"/>
        <line num="25" count="5" type="stmt"/>
        <line num="26" count="5" type="stmt"/>
      </file>
      <file name="index.ts" path="D:\CODE\toy-robot-cli\src\utils\index.ts">
        <metrics statements="15" coveredstatements="15" conditionals="4" coveredconditionals="4" methods="4" coveredmethods="4"/>
        <line num="1" count="3" type="stmt"/>
        <line num="11" count="3" type="stmt"/>
        <line num="16" count="21" type="stmt"/>
        <line num="19" count="3" type="stmt"/>
        <line num="20" count="6" type="stmt"/>
        <line num="21" count="6" type="stmt"/>
        <line num="22" count="6" type="stmt"/>
        <line num="25" count="3" type="stmt"/>
        <line num="26" count="3" type="stmt"/>
        <line num="29" count="3" type="stmt"/>
        <line num="30" count="4" type="cond" truecount="4" falsecount="0"/>
        <line num="32" count="1" type="stmt"/>
        <line num="34" count="1" type="stmt"/>
        <line num="36" count="1" type="stmt"/>
        <line num="38" count="1" type="stmt"/>
      </file>
    </package>
  </project>
</coverage>
