{"D:\\CODE\\toy-robot-cli\\src\\index.ts": {"path":"D:\\CODE\\toy-robot-cli\\src\\index.ts","statementMap":{"0":{"start":{"line":1,"column":0},"end":{"line":1,"column":33}},"1":{"start":{"line":2,"column":0},"end":{"line":2,"column":53}},"2":{"start":{"line":3,"column":0},"end":{"line":3,"column":75}},"3":{"start":{"line":4,"column":0},"end":{"line":4,"column":42}},"4":{"start":{"line":5,"column":0},"end":{"line":5,"column":45}},"5":{"start":{"line":9,"column":24},"end":{"line":9,"column":41}},"6":{"start":{"line":10,"column":23},"end":{"line":10,"column":81}},"7":{"start":{"line":10,"column":44},"end":{"line":10,"column":81}},"8":{"start":{"line":13,"column":4},"end":{"line":55,"column":5}},"9":{"start":{"line":14,"column":8},"end":{"line":18,"column":9}},"10":{"start":{"line":15,"column":12},"end":{"line":15,"column":39}},"11":{"start":{"line":17,"column":12},"end":{"line":17,"column":32}},"12":{"start":{"line":19,"column":11},"end":{"line":55,"column":5}},"13":{"start":{"line":20,"column":8},"end":{"line":28,"column":9}},"14":{"start":{"line":21,"column":12},"end":{"line":21,"column":36}},"15":{"start":{"line":23,"column":12},"end":{"line":27,"column":13}},"16":{"start":{"line":24,"column":16},"end":{"line":24,"column":34}},"17":{"start":{"line":26,"column":16},"end":{"line":26,"column":36}},"18":{"start":{"line":30,"column":11},"end":{"line":55,"column":5}},"19":{"start":{"line":31,"column":8},"end":{"line":35,"column":9}},"20":{"start":{"line":32,"column":12},"end":{"line":32,"column":36}},"21":{"start":{"line":34,"column":12},"end":{"line":34,"column":34}},"22":{"start":{"line":37,"column":11},"end":{"line":55,"column":5}},"23":{"start":{"line":38,"column":8},"end":{"line":42,"column":9}},"24":{"start":{"line":39,"column":12},"end":{"line":39,"column":36}},"25":{"start":{"line":41,"column":12},"end":{"line":41,"column":35}},"26":{"start":{"line":44,"column":11},"end":{"line":55,"column":5}},"27":{"start":{"line":45,"column":8},"end":{"line":49,"column":9}},"28":{"start":{"line":46,"column":12},"end":{"line":46,"column":36}},"29":{"start":{"line":48,"column":12},"end":{"line":48,"column":38}},"30":{"start":{"line":51,"column":11},"end":{"line":55,"column":5}},"31":{"start":{"line":52,"column":8},"end":{"line":52,"column":23}},"32":{"start":{"line":54,"column":8},"end":{"line":54,"column":32}},"33":{"start":{"line":56,"column":4},"end":{"line":56,"column":15}},"34":{"start":{"line":8,"column":0},"end":{"line":8,"column":16}},"35":{"start":{"line":59,"column":15},"end":{"line":64,"column":1}},"36":{"start":{"line":60,"column":4},"end":{"line":60,"column":null}},"37":{"start":{"line":61,"column":4},"end":{"line":61,"column":null}},"38":{"start":{"line":62,"column":4},"end":{"line":62,"column":null}},"39":{"start":{"line":63,"column":4},"end":{"line":63,"column":null}},"40":{"start":{"line":67,"column":20},"end":{"line":77,"column":1}},"41":{"start":{"line":68,"column":4},"end":{"line":68,"column":null}},"42":{"start":{"line":69,"column":34},"end":{"line":70,"column":56}},"43":{"start":{"line":72,"column":4},"end":{"line":76,"column":7}},"44":{"start":{"line":72,"column":45},"end":{"line":76,"column":6}},"45":{"start":{"line":73,"column":20},"end":{"line":73,"column":47}},"46":{"start":{"line":74,"column":8},"end":{"line":74,"column":19}},"47":{"start":{"line":75,"column":8},"end":{"line":75,"column":null}},"48":{"start":{"line":67,"column":13},"end":{"line":67,"column":20}},"49":{"start":{"line":79,"column":13},"end":{"line":79,"column":59}},"50":{"start":{"line":80,"column":0},"end":{"line":80,"column":null}}},"fnMap":{"0":{"name":"parseCommands","decl":{"start":{"line":8,"column":16},"end":{"line":8,"column":29}},"loc":{"start":{"line":8,"column":56},"end":{"line":57,"column":1}}},"1":{"name":"(anonymous_15)","decl":{"start":{"line":10,"column":23},"end":{"line":10,"column":24}},"loc":{"start":{"line":10,"column":44},"end":{"line":10,"column":81}}},"2":{"name":"(anonymous_16)","decl":{"start":{"line":59,"column":15},"end":{"line":59,"column":16}},"loc":{"start":{"line":59,"column":48},"end":{"line":64,"column":1}}},"3":{"name":"(anonymous_17)","decl":{"start":{"line":67,"column":20},"end":{"line":67,"column":21}},"loc":{"start":{"line":67,"column":53},"end":{"line":77,"column":1}}},"4":{"name":"(anonymous_18)","decl":{"start":{"line":72,"column":20},"end":{"line":72,"column":27}},"loc":{"start":{"line":72,"column":45},"end":{"line":76,"column":6}}},"5":{"name":"(anonymous_19)","decl":{"start":{"line":72,"column":45},"end":{"line":72,"column":null}},"loc":{"start":{"line":72,"column":45},"end":{"line":76,"column":5}}}},"branchMap":{"0":{"loc":{"start":{"line":13,"column":4},"end":{"line":55,"column":5}},"type":"if","locations":[{"start":{"line":13,"column":4},"end":{"line":55,"column":5}},{"start":{"line":19,"column":11},"end":{"line":55,"column":5}}]},"1":{"loc":{"start":{"line":19,"column":11},"end":{"line":55,"column":5}},"type":"if","locations":[{"start":{"line":19,"column":11},"end":{"line":55,"column":5}},{"start":{"line":30,"column":11},"end":{"line":55,"column":5}}]},"2":{"loc":{"start":{"line":20,"column":8},"end":{"line":28,"column":9}},"type":"if","locations":[{"start":{"line":20,"column":8},"end":{"line":28,"column":9}},{"start":{"line":22,"column":15},"end":{"line":28,"column":9}}]},"3":{"loc":{"start":{"line":30,"column":11},"end":{"line":55,"column":5}},"type":"if","locations":[{"start":{"line":30,"column":11},"end":{"line":55,"column":5}},{"start":{"line":37,"column":11},"end":{"line":55,"column":5}}]},"4":{"loc":{"start":{"line":31,"column":8},"end":{"line":35,"column":9}},"type":"if","locations":[{"start":{"line":31,"column":8},"end":{"line":35,"column":9}},{"start":{"line":33,"column":15},"end":{"line":35,"column":9}}]},"5":{"loc":{"start":{"line":37,"column":11},"end":{"line":55,"column":5}},"type":"if","locations":[{"start":{"line":37,"column":11},"end":{"line":55,"column":5}},{"start":{"line":44,"column":11},"end":{"line":55,"column":5}}]},"6":{"loc":{"start":{"line":38,"column":8},"end":{"line":42,"column":9}},"type":"if","locations":[{"start":{"line":38,"column":8},"end":{"line":42,"column":9}},{"start":{"line":40,"column":15},"end":{"line":42,"column":9}}]},"7":{"loc":{"start":{"line":44,"column":11},"end":{"line":55,"column":5}},"type":"if","locations":[{"start":{"line":44,"column":11},"end":{"line":55,"column":5}},{"start":{"line":51,"column":11},"end":{"line":55,"column":5}}]},"8":{"loc":{"start":{"line":45,"column":8},"end":{"line":49,"column":9}},"type":"if","locations":[{"start":{"line":45,"column":8},"end":{"line":49,"column":9}},{"start":{"line":47,"column":15},"end":{"line":49,"column":9}}]},"9":{"loc":{"start":{"line":51,"column":11},"end":{"line":55,"column":5}},"type":"if","locations":[{"start":{"line":51,"column":11},"end":{"line":55,"column":5}},{"start":{"line":53,"column":11},"end":{"line":55,"column":5}}]},"10":{"loc":{"start":{"line":63,"column":4},"end":{"line":63,"column":35}},"type":"binary-expr","locations":[{"start":{"line":63,"column":4},"end":{"line":63,"column":11}},{"start":{"line":63,"column":15},"end":{"line":63,"column":35}}]}},"s":{"0":1,"1":1,"2":1,"3":1,"4":1,"5":5,"6":5,"7":20,"8":5,"9":0,"10":0,"11":0,"12":5,"13":1,"14":1,"15":0,"16":0,"17":0,"18":4,"19":1,"20":1,"21":0,"22":3,"23":1,"24":1,"25":0,"26":2,"27":1,"28":1,"29":0,"30":1,"31":0,"32":1,"33":5,"34":1,"35":1,"36":3,"37":3,"38":3,"39":3,"40":1,"41":3,"42":3,"43":3,"44":0,"45":0,"46":0,"47":0,"48":1,"49":1,"50":1},"f":{"0":5,"1":20,"2":3,"3":3,"4":0,"5":0},"b":{"0":[0,5],"1":[1,4],"2":[1,0],"3":[1,3],"4":[1,0],"5":[1,2],"6":[1,0],"7":[1,1],"8":[1,0],"9":[0,1],"10":[3,0]}}
,"D:\\CODE\\toy-robot-cli\\src\\classes\\Grid\\index.ts": {"path":"D:\\CODE\\toy-robot-cli\\src\\classes\\Grid\\index.ts","statementMap":{"0":{"start":{"line":1,"column":0},"end":{"line":1,"column":28}},"1":{"start":{"line":11,"column":8},"end":{"line":11,"column":19}},"2":{"start":{"line":12,"column":8},"end":{"line":12,"column":19}},"3":{"start":{"line":13,"column":8},"end":{"line":13,"column":26}},"4":{"start":{"line":14,"column":8},"end":{"line":14,"column":24}},"5":{"start":{"line":18,"column":26},"end":{"line":18,"column":31}},"6":{"start":{"line":19,"column":8},"end":{"line":22,"column":9}},"7":{"start":{"line":20,"column":37},"end":{"line":20,"column":59}},"8":{"start":{"line":21,"column":12},"end":{"line":21,"column":60}},"9":{"start":{"line":23,"column":8},"end":{"line":23,"column":null}},"10":{"start":{"line":23,"column":40},"end":{"line":23,"column":53}},"11":{"start":{"line":30,"column":8},"end":{"line":30,"column":86}},"12":{"start":{"line":30,"column":57},"end":{"line":30,"column":84}},"13":{"start":{"line":34,"column":8},"end":{"line":34,"column":null}},"14":{"start":{"line":38,"column":8},"end":{"line":38,"column":null}},"15":{"start":{"line":39,"column":8},"end":{"line":39,"column":null}},"16":{"start":{"line":43,"column":0},"end":{"line":43,"column":null}}},"fnMap":{"0":{"name":"(anonymous_1)","decl":{"start":{"line":10,"column":4},"end":{"line":10,"column":16}},"loc":{"start":{"line":10,"column":36},"end":{"line":15,"column":5}}},"1":{"name":"(anonymous_2)","decl":{"start":{"line":17,"column":4},"end":{"line":17,"column":14}},"loc":{"start":{"line":17,"column":32},"end":{"line":27,"column":5}}},"2":{"name":"(anonymous_3)","decl":{"start":{"line":23,"column":31},"end":{"line":23,"column":32}},"loc":{"start":{"line":23,"column":40},"end":{"line":23,"column":53}}},"3":{"name":"(anonymous_4)","decl":{"start":{"line":29,"column":4},"end":{"line":29,"column":19}},"loc":{"start":{"line":29,"column":19},"end":{"line":31,"column":5}}},"4":{"name":"(anonymous_5)","decl":{"start":{"line":30,"column":51},"end":{"line":30,"column":54}},"loc":{"start":{"line":30,"column":57},"end":{"line":30,"column":84}}},"5":{"name":"(anonymous_6)","decl":{"start":{"line":33,"column":4},"end":{"line":33,"column":14}},"loc":{"start":{"line":33,"column":64},"end":{"line":35,"column":5}}},"6":{"name":"(anonymous_7)","decl":{"start":{"line":37,"column":4},"end":{"line":37,"column":10}},"loc":{"start":{"line":37,"column":10},"end":{"line":40,"column":5}}}},"branchMap":{"0":{"loc":{"start":{"line":19,"column":8},"end":{"line":22,"column":9}},"type":"if","locations":[{"start":{"line":19,"column":8},"end":{"line":22,"column":9}}]}},"s":{"0":4,"1":5,"2":5,"3":5,"4":5,"5":9,"6":9,"7":4,"8":4,"9":9,"10":45,"11":9,"12":45,"13":16,"14":5,"15":5,"16":4},"f":{"0":5,"1":9,"2":45,"3":9,"4":45,"5":16,"6":5},"b":{"0":[4]}}
,"D:\\CODE\\toy-robot-cli\\src\\classes\\Robot\\index.ts": {"path":"D:\\CODE\\toy-robot-cli\\src\\classes\\Robot\\index.ts","statementMap":{"0":{"start":{"line":2,"column":0},"end":{"line":2,"column":83}},"1":{"start":{"line":6,"column":4},"end":{"line":11,"column":null}},"2":{"start":{"line":21,"column":8},"end":{"line":21,"column":null}},"3":{"start":{"line":22,"column":8},"end":{"line":22,"column":null}},"4":{"start":{"line":23,"column":8},"end":{"line":23,"column":null}},"5":{"start":{"line":24,"column":8},"end":{"line":24,"column":null}},"6":{"start":{"line":25,"column":8},"end":{"line":25,"column":null}},"7":{"start":{"line":26,"column":8},"end":{"line":26,"column":null}},"8":{"start":{"line":31,"column":8},"end":{"line":31,"column":null}},"9":{"start":{"line":32,"column":8},"end":{"line":32,"column":null}},"10":{"start":{"line":36,"column":8},"end":{"line":36,"column":null}},"11":{"start":{"line":40,"column":35},"end":{"line":40,"column":117}},"12":{"start":{"line":40,"column":74},"end":{"line":40,"column":116}},"13":{"start":{"line":41,"column":8},"end":{"line":43,"column":9}},"14":{"start":{"line":42,"column":12},"end":{"line":42,"column":null}},"15":{"start":{"line":44,"column":8},"end":{"line":44,"column":null}},"16":{"start":{"line":48,"column":8},"end":{"line":51,"column":9}},"17":{"start":{"line":49,"column":12},"end":{"line":49,"column":null}},"18":{"start":{"line":50,"column":12},"end":{"line":50,"column":null}},"19":{"start":{"line":52,"column":8},"end":{"line":52,"column":null}},"20":{"start":{"line":59,"column":8},"end":{"line":64,"column":9}},"21":{"start":{"line":60,"column":32},"end":{"line":60,"column":119}},"22":{"start":{"line":60,"column":71},"end":{"line":60,"column":118}},"23":{"start":{"line":61,"column":12},"end":{"line":61,"column":null}},"24":{"start":{"line":63,"column":12},"end":{"line":63,"column":null}},"25":{"start":{"line":68,"column":8},"end":{"line":81,"column":9}},"26":{"start":{"line":70,"column":16},"end":{"line":70,"column":null}},"27":{"start":{"line":71,"column":16},"end":{"line":71,"column":21}},"28":{"start":{"line":73,"column":16},"end":{"line":73,"column":null}},"29":{"start":{"line":74,"column":16},"end":{"line":74,"column":21}},"30":{"start":{"line":76,"column":16},"end":{"line":76,"column":null}},"31":{"start":{"line":77,"column":16},"end":{"line":77,"column":21}},"32":{"start":{"line":79,"column":16},"end":{"line":79,"column":null}},"33":{"start":{"line":80,"column":16},"end":{"line":80,"column":21}},"34":{"start":{"line":85,"column":8},"end":{"line":98,"column":9}},"35":{"start":{"line":87,"column":16},"end":{"line":87,"column":null}},"36":{"start":{"line":88,"column":16},"end":{"line":88,"column":21}},"37":{"start":{"line":90,"column":16},"end":{"line":90,"column":null}},"38":{"start":{"line":91,"column":16},"end":{"line":91,"column":21}},"39":{"start":{"line":93,"column":16},"end":{"line":93,"column":null}},"40":{"start":{"line":94,"column":16},"end":{"line":94,"column":21}},"41":{"start":{"line":96,"column":16},"end":{"line":96,"column":null}},"42":{"start":{"line":97,"column":16},"end":{"line":97,"column":21}},"43":{"start":{"line":102,"column":8},"end":{"line":102,"column":null}},"44":{"start":{"line":106,"column":0},"end":{"line":106,"column":null}}},"fnMap":{"0":{"name":"(anonymous_0)","decl":{"start":{"line":20,"column":4},"end":{"line":20,"column":16}},"loc":{"start":{"line":20,"column":77},"end":{"line":27,"column":5}}},"1":{"name":"(anonymous_1)","decl":{"start":{"line":30,"column":4},"end":{"line":30,"column":8}},"loc":{"start":{"line":30,"column":41},"end":{"line":33,"column":5}}},"2":{"name":"(anonymous_2)","decl":{"start":{"line":35,"column":4},"end":{"line":35,"column":8}},"loc":{"start":{"line":35,"column":19},"end":{"line":37,"column":5}}},"3":{"name":"(anonymous_3)","decl":{"start":{"line":39,"column":4},"end":{"line":39,"column":18}},"loc":{"start":{"line":39,"column":46},"end":{"line":45,"column":5}}},"4":{"name":"(anonymous_4)","decl":{"start":{"line":40,"column":56},"end":{"line":40,"column":57}},"loc":{"start":{"line":40,"column":74},"end":{"line":40,"column":116}}},"5":{"name":"(anonymous_5)","decl":{"start":{"line":47,"column":4},"end":{"line":47,"column":8}},"loc":{"start":{"line":47,"column":8},"end":{"line":56,"column":5}}},"6":{"name":"(anonymous_6)","decl":{"start":{"line":58,"column":4},"end":{"line":58,"column":8}},"loc":{"start":{"line":58,"column":8},"end":{"line":65,"column":5}}},"7":{"name":"(anonymous_7)","decl":{"start":{"line":60,"column":53},"end":{"line":60,"column":54}},"loc":{"start":{"line":60,"column":71},"end":{"line":60,"column":118}}},"8":{"name":"(anonymous_8)","decl":{"start":{"line":67,"column":4},"end":{"line":67,"column":12}},"loc":{"start":{"line":67,"column":12},"end":{"line":82,"column":5}}},"9":{"name":"(anonymous_9)","decl":{"start":{"line":84,"column":4},"end":{"line":84,"column":13}},"loc":{"start":{"line":84,"column":13},"end":{"line":99,"column":5}}},"10":{"name":"(anonymous_10)","decl":{"start":{"line":101,"column":4},"end":{"line":101,"column":10}},"loc":{"start":{"line":101,"column":10},"end":{"line":103,"column":5}}}},"branchMap":{"0":{"loc":{"start":{"line":41,"column":8},"end":{"line":43,"column":9}},"type":"if","locations":[{"start":{"line":41,"column":8},"end":{"line":43,"column":9}}]},"1":{"loc":{"start":{"line":41,"column":12},"end":{"line":41,"column":115}},"type":"binary-expr","locations":[{"start":{"line":41,"column":12},"end":{"line":41,"column":50}},{"start":{"line":41,"column":54},"end":{"line":41,"column":115}}]},"2":{"loc":{"start":{"line":48,"column":8},"end":{"line":51,"column":9}},"type":"if","locations":[{"start":{"line":48,"column":8},"end":{"line":51,"column":9}}]},"3":{"loc":{"start":{"line":59,"column":8},"end":{"line":64,"column":9}},"type":"if","locations":[{"start":{"line":59,"column":8},"end":{"line":64,"column":9}},{"start":{"line":62,"column":15},"end":{"line":64,"column":9}}]},"4":{"loc":{"start":{"line":68,"column":8},"end":{"line":81,"column":9}},"type":"switch","locations":[{"start":{"line":69,"column":12},"end":{"line":71,"column":21}},{"start":{"line":72,"column":12},"end":{"line":74,"column":21}},{"start":{"line":75,"column":12},"end":{"line":77,"column":21}},{"start":{"line":78,"column":12},"end":{"line":80,"column":21}}]},"5":{"loc":{"start":{"line":85,"column":8},"end":{"line":98,"column":9}},"type":"switch","locations":[{"start":{"line":86,"column":12},"end":{"line":88,"column":21}},{"start":{"line":89,"column":12},"end":{"line":91,"column":21}},{"start":{"line":92,"column":12},"end":{"line":94,"column":21}},{"start":{"line":95,"column":12},"end":{"line":97,"column":21}}]}},"s":{"0":4,"1":4,"2":16,"3":16,"4":16,"5":16,"6":16,"7":16,"8":17,"9":17,"10":31,"11":23,"12":46,"13":23,"14":12,"15":11,"16":8,"17":2,"18":2,"19":6,"20":2,"21":1,"22":2,"23":1,"24":1,"25":4,"26":1,"27":1,"28":1,"29":1,"30":1,"31":1,"32":1,"33":1,"34":4,"35":1,"36":1,"37":1,"38":1,"39":1,"40":1,"41":1,"42":1,"43":1,"44":4},"f":{"0":16,"1":17,"2":31,"3":23,"4":46,"5":8,"6":2,"7":2,"8":4,"9":4,"10":1},"b":{"0":[12],"1":[23,21],"2":[2],"3":[1,1],"4":[1,1,1,1],"5":[1,1,1,1]}}
,"D:\\CODE\\toy-robot-cli\\src\\functions\\place.ts": {"path":"D:\\CODE\\toy-robot-cli\\src\\functions\\place.ts","statementMap":{"0":{"start":{"line":2,"column":0},"end":{"line":2,"column":62}},"1":{"start":{"line":3,"column":0},"end":{"line":3,"column":52}},"2":{"start":{"line":10,"column":4},"end":{"line":12,"column":5}},"3":{"start":{"line":11,"column":8},"end":{"line":11,"column":null}},"4":{"start":{"line":14,"column":14},"end":{"line":14,"column":31}},"5":{"start":{"line":15,"column":14},"end":{"line":15,"column":31}},"6":{"start":{"line":16,"column":22},"end":{"line":16,"column":56}},"7":{"start":{"line":18,"column":4},"end":{"line":21,"column":5}},"8":{"start":{"line":20,"column":8},"end":{"line":20,"column":null}},"9":{"start":{"line":22,"column":4},"end":{"line":25,"column":5}},"10":{"start":{"line":24,"column":8},"end":{"line":24,"column":null}},"11":{"start":{"line":26,"column":4},"end":{"line":29,"column":5}},"12":{"start":{"line":28,"column":8},"end":{"line":28,"column":null}},"13":{"start":{"line":32,"column":27},"end":{"line":32,"column":55}},"14":{"start":{"line":33,"column":4},"end":{"line":33,"column":null}},"15":{"start":{"line":36,"column":0},"end":{"line":36,"column":null}}},"fnMap":{"0":{"name":"placeCommand","decl":{"start":{"line":6,"column":9},"end":{"line":6,"column":21}},"loc":{"start":{"line":6,"column":50},"end":{"line":34,"column":1}}}},"branchMap":{"0":{"loc":{"start":{"line":10,"column":4},"end":{"line":12,"column":5}},"type":"if","locations":[{"start":{"line":10,"column":4},"end":{"line":12,"column":5}}]},"1":{"loc":{"start":{"line":18,"column":4},"end":{"line":21,"column":5}},"type":"if","locations":[{"start":{"line":18,"column":4},"end":{"line":21,"column":5}}]},"2":{"loc":{"start":{"line":22,"column":4},"end":{"line":25,"column":5}},"type":"if","locations":[{"start":{"line":22,"column":4},"end":{"line":25,"column":5}}]},"3":{"loc":{"start":{"line":22,"column":8},"end":{"line":22,"column":28}},"type":"binary-expr","locations":[{"start":{"line":22,"column":8},"end":{"line":22,"column":16}},{"start":{"line":22,"column":20},"end":{"line":22,"column":28}}]},"4":{"loc":{"start":{"line":26,"column":4},"end":{"line":29,"column":5}},"type":"if","locations":[{"start":{"line":26,"column":4},"end":{"line":29,"column":5}}]},"5":{"loc":{"start":{"line":26,"column":8},"end":{"line":26,"column":74}},"type":"binary-expr","locations":[{"start":{"line":26,"column":8},"end":{"line":26,"column":30}},{"start":{"line":26,"column":34},"end":{"line":26,"column":56}},{"start":{"line":26,"column":60},"end":{"line":26,"column":65}},{"start":{"line":26,"column":69},"end":{"line":26,"column":74}}]}},"s":{"0":2,"1":2,"2":4,"3":1,"4":3,"5":3,"6":3,"7":3,"8":1,"9":2,"10":1,"11":1,"12":1,"13":0,"14":0,"15":2},"f":{"0":4},"b":{"0":[1],"1":[1],"2":[1],"3":[2,1],"4":[1],"5":[1,0,0,0]}}
,"D:\\CODE\\toy-robot-cli\\src\\utils\\constants.ts": {"path":"D:\\CODE\\toy-robot-cli\\src\\utils\\constants.ts","statementMap":{"0":{"start":{"line":1,"column":20},"end":{"line":13,"column":null}},"1":{"start":{"line":37,"column":20},"end":{"line":37,"column":31}},"2":{"start":{"line":15,"column":18},"end":{"line":15,"column":98}},"3":{"start":{"line":37,"column":33},"end":{"line":37,"column":42}},"4":{"start":{"line":16,"column":21},"end":{"line":16,"column":101}},"5":{"start":{"line":37,"column":44},"end":{"line":37,"column":56}},"6":{"start":{"line":17,"column":19},"end":{"line":17,"column":22}},"7":{"start":{"line":37,"column":58},"end":{"line":37,"column":68}},"8":{"start":{"line":19,"column":18},"end":{"line":28,"column":16}},"9":{"start":{"line":37,"column":70},"end":{"line":37,"column":79}},"10":{"start":{"line":30,"column":18},"end":{"line":30,"column":21}},"11":{"start":{"line":37,"column":9},"end":{"line":37,"column":18}},"12":{"start":{"line":32,"column":24},"end":{"line":35,"column":null}},"13":{"start":{"line":37,"column":81},"end":{"line":37,"column":96}}},"fnMap":{},"branchMap":{},"s":{"0":2,"1":2,"2":2,"3":2,"4":2,"5":2,"6":2,"7":2,"8":2,"9":2,"10":2,"11":2,"12":2,"13":2},"f":{},"b":{}}
,"D:\\CODE\\toy-robot-cli\\src\\utils\\enums.ts": {"path":"D:\\CODE\\toy-robot-cli\\src\\utils\\enums.ts","statementMap":{"0":{"start":{"line":1,"column":0},"end":{"line":1,"column":null}},"1":{"start":{"line":2,"column":4},"end":{"line":2,"column":null}},"2":{"start":{"line":3,"column":4},"end":{"line":3,"column":null}},"3":{"start":{"line":4,"column":4},"end":{"line":4,"column":null}},"4":{"start":{"line":5,"column":4},"end":{"line":5,"column":null}},"5":{"start":{"line":8,"column":0},"end":{"line":8,"column":null}},"6":{"start":{"line":9,"column":4},"end":{"line":9,"column":null}},"7":{"start":{"line":10,"column":4},"end":{"line":10,"column":null}},"8":{"start":{"line":11,"column":4},"end":{"line":11,"column":null}},"9":{"start":{"line":12,"column":4},"end":{"line":12,"column":null}},"10":{"start":{"line":15,"column":0},"end":{"line":15,"column":null}},"11":{"start":{"line":16,"column":4},"end":{"line":16,"column":null}},"12":{"start":{"line":17,"column":4},"end":{"line":17,"column":null}},"13":{"start":{"line":18,"column":4},"end":{"line":18,"column":null}},"14":{"start":{"line":19,"column":4},"end":{"line":19,"column":null}},"15":{"start":{"line":22,"column":0},"end":{"line":22,"column":null}},"16":{"start":{"line":23,"column":4},"end":{"line":23,"column":null}},"17":{"start":{"line":24,"column":4},"end":{"line":24,"column":null}},"18":{"start":{"line":25,"column":4},"end":{"line":25,"column":null}},"19":{"start":{"line":26,"column":4},"end":{"line":26,"column":null}}},"fnMap":{"0":{"name":"(anonymous_0)","decl":{"start":{"line":1,"column":0},"end":{"line":1,"column":5}},"loc":{"start":{"line":1,"column":17},"end":{"line":6,"column":1}}},"1":{"name":"(anonymous_1)","decl":{"start":{"line":8,"column":0},"end":{"line":8,"column":5}},"loc":{"start":{"line":8,"column":19},"end":{"line":13,"column":1}}},"2":{"name":"(anonymous_2)","decl":{"start":{"line":15,"column":0},"end":{"line":15,"column":5}},"loc":{"start":{"line":15,"column":21},"end":{"line":20,"column":1}}},"3":{"name":"(anonymous_3)","decl":{"start":{"line":22,"column":0},"end":{"line":22,"column":5}},"loc":{"start":{"line":22,"column":26},"end":{"line":27,"column":1}}}},"branchMap":{"0":{"loc":{"start":{"line":1,"column":5},"end":{"line":1,"column":null}},"type":"binary-expr","locations":[{"start":{"line":1,"column":5},"end":{"line":1,"column":17}},{"start":{"line":1,"column":17},"end":{"line":1,"column":null}}]},"1":{"loc":{"start":{"line":8,"column":5},"end":{"line":8,"column":null}},"type":"binary-expr","locations":[{"start":{"line":8,"column":5},"end":{"line":8,"column":19}},{"start":{"line":8,"column":19},"end":{"line":8,"column":null}}]},"2":{"loc":{"start":{"line":15,"column":5},"end":{"line":15,"column":null}},"type":"binary-expr","locations":[{"start":{"line":15,"column":5},"end":{"line":15,"column":21}},{"start":{"line":15,"column":21},"end":{"line":15,"column":null}}]},"3":{"loc":{"start":{"line":22,"column":5},"end":{"line":22,"column":null}},"type":"binary-expr","locations":[{"start":{"line":22,"column":5},"end":{"line":22,"column":26}},{"start":{"line":22,"column":26},"end":{"line":22,"column":null}}]}},"s":{"0":5,"1":5,"2":5,"3":5,"4":5,"5":5,"6":5,"7":5,"8":5,"9":5,"10":5,"11":5,"12":5,"13":5,"14":5,"15":5,"16":5,"17":5,"18":5,"19":5},"f":{"0":5,"1":5,"2":5,"3":5},"b":{"0":[5,5],"1":[5,5],"2":[5,5],"3":[5,5]}}
,"D:\\CODE\\toy-robot-cli\\src\\utils\\index.ts": {"path":"D:\\CODE\\toy-robot-cli\\src\\utils\\index.ts","statementMap":{"0":{"start":{"line":1,"column":0},"end":{"line":1,"column":66}},"1":{"start":{"line":11,"column":31},"end":{"line":17,"column":1}},"2":{"start":{"line":16,"column":4},"end":{"line":16,"column":46}},"3":{"start":{"line":11,"column":13},"end":{"line":11,"column":31}},"4":{"start":{"line":19,"column":25},"end":{"line":23,"column":1}},"5":{"start":{"line":20,"column":25},"end":{"line":20,"column":43}},"6":{"start":{"line":21,"column":4},"end":{"line":21,"column":null}},"7":{"start":{"line":22,"column":4},"end":{"line":22,"column":null}},"8":{"start":{"line":19,"column":13},"end":{"line":19,"column":25}},"9":{"start":{"line":26,"column":4},"end":{"line":26,"column":93}},"10":{"start":{"line":25,"column":0},"end":{"line":25,"column":16}},"11":{"start":{"line":30,"column":4},"end":{"line":39,"column":5}},"12":{"start":{"line":32,"column":12},"end":{"line":32,"column":null}},"13":{"start":{"line":34,"column":12},"end":{"line":34,"column":null}},"14":{"start":{"line":36,"column":12},"end":{"line":36,"column":null}},"15":{"start":{"line":38,"column":12},"end":{"line":38,"column":null}},"16":{"start":{"line":29,"column":0},"end":{"line":29,"column":16}}},"fnMap":{"0":{"name":"(anonymous_0)","decl":{"start":{"line":11,"column":31},"end":{"line":11,"column":32}},"loc":{"start":{"line":11,"column":56},"end":{"line":17,"column":1}}},"1":{"name":"(anonymous_1)","decl":{"start":{"line":19,"column":25},"end":{"line":19,"column":26}},"loc":{"start":{"line":19,"column":45},"end":{"line":23,"column":1}}},"2":{"name":"isValidDirection","decl":{"start":{"line":25,"column":16},"end":{"line":25,"column":32}},"loc":{"start":{"line":25,"column":50},"end":{"line":27,"column":1}}},"3":{"name":"getRobotDirection","decl":{"start":{"line":29,"column":16},"end":{"line":29,"column":33}},"loc":{"start":{"line":29,"column":66},"end":{"line":40,"column":1}}}},"branchMap":{"0":{"loc":{"start":{"line":30,"column":4},"end":{"line":39,"column":5}},"type":"switch","locations":[{"start":{"line":31,"column":8},"end":{"line":32,"column":null}},{"start":{"line":33,"column":8},"end":{"line":34,"column":null}},{"start":{"line":35,"column":8},"end":{"line":36,"column":null}},{"start":{"line":37,"column":8},"end":{"line":38,"column":null}}]}},"s":{"0":3,"1":3,"2":21,"3":3,"4":3,"5":6,"6":6,"7":6,"8":3,"9":3,"10":3,"11":4,"12":1,"13":1,"14":1,"15":1,"16":3},"f":{"0":21,"1":6,"2":3,"3":4},"b":{"0":[1,1,1,1]}}
}
