TN:
SF:src\index.ts
FN:8,parseCommands
FN:10,(anonymous_15)
FN:59,(anonymous_16)
FN:67,(anonymous_17)
FN:72,(anonymous_18)
FN:72,(anonymous_19)
FNF:6
FNH:4
FNDA:5,parseCommands
FNDA:20,(anonymous_15)
FNDA:3,(anonymous_16)
FNDA:3,(anonymous_17)
FNDA:0,(anonymous_18)
FNDA:0,(anonymous_19)
DA:1,1
DA:2,1
DA:3,1
DA:4,1
DA:5,1
DA:8,1
DA:9,5
DA:10,20
DA:13,5
DA:14,0
DA:15,0
DA:17,0
DA:19,5
DA:20,1
DA:21,1
DA:23,0
DA:24,0
DA:26,0
DA:30,4
DA:31,1
DA:32,1
DA:34,0
DA:37,3
DA:38,1
DA:39,1
DA:41,0
DA:44,2
DA:45,1
DA:46,1
DA:48,0
DA:51,1
DA:52,0
DA:54,1
DA:56,5
DA:59,1
DA:60,3
DA:61,3
DA:62,3
DA:63,3
DA:67,1
DA:68,3
DA:69,3
DA:72,3
DA:73,0
DA:74,0
DA:75,0
DA:79,1
DA:80,1
LF:48
LH:35
BRDA:13,0,0,0
BRDA:13,0,1,5
BRDA:19,1,0,1
BRDA:19,1,1,4
BRDA:20,2,0,1
BRDA:20,2,1,0
BRDA:30,3,0,1
BRDA:30,3,1,3
BRDA:31,4,0,1
BRDA:31,4,1,0
BRDA:37,5,0,1
BRDA:37,5,1,2
BRDA:38,6,0,1
BRDA:38,6,1,0
BRDA:44,7,0,1
BRDA:44,7,1,1
BRDA:45,8,0,1
BRDA:45,8,1,0
BRDA:51,9,0,0
BRDA:51,9,1,1
BRDA:63,10,0,3
BRDA:63,10,1,0
BRF:22
BRH:15
end_of_record
TN:
SF:src\classes\Grid\index.ts
FN:10,(anonymous_1)
FN:17,(anonymous_2)
FN:23,(anonymous_3)
FN:29,(anonymous_4)
FN:30,(anonymous_5)
FN:33,(anonymous_6)
FN:37,(anonymous_7)
FNF:7
FNH:7
FNDA:5,(anonymous_1)
FNDA:9,(anonymous_2)
FNDA:45,(anonymous_3)
FNDA:9,(anonymous_4)
FNDA:45,(anonymous_5)
FNDA:16,(anonymous_6)
FNDA:5,(anonymous_7)
DA:1,4
DA:11,5
DA:12,5
DA:13,5
DA:14,5
DA:18,9
DA:19,9
DA:20,4
DA:21,4
DA:23,45
DA:30,45
DA:34,16
DA:38,5
DA:39,5
DA:43,4
LF:15
LH:15
BRDA:19,0,0,4
BRF:1
BRH:1
end_of_record
TN:
SF:src\classes\Robot\index.ts
FN:20,(anonymous_0)
FN:30,(anonymous_1)
FN:35,(anonymous_2)
FN:39,(anonymous_3)
FN:40,(anonymous_4)
FN:47,(anonymous_5)
FN:58,(anonymous_6)
FN:60,(anonymous_7)
FN:67,(anonymous_8)
FN:84,(anonymous_9)
FN:101,(anonymous_10)
FNF:11
FNH:11
FNDA:16,(anonymous_0)
FNDA:17,(anonymous_1)
FNDA:31,(anonymous_2)
FNDA:23,(anonymous_3)
FNDA:46,(anonymous_4)
FNDA:8,(anonymous_5)
FNDA:2,(anonymous_6)
FNDA:2,(anonymous_7)
FNDA:4,(anonymous_8)
FNDA:4,(anonymous_9)
FNDA:1,(anonymous_10)
DA:2,4
DA:6,4
DA:21,16
DA:22,16
DA:23,16
DA:24,16
DA:25,16
DA:26,16
DA:31,17
DA:32,17
DA:36,31
DA:40,46
DA:41,23
DA:42,12
DA:44,11
DA:48,8
DA:49,2
DA:50,2
DA:52,6
DA:59,2
DA:60,2
DA:61,1
DA:63,1
DA:68,4
DA:70,1
DA:71,1
DA:73,1
DA:74,1
DA:76,1
DA:77,1
DA:79,1
DA:80,1
DA:85,4
DA:87,1
DA:88,1
DA:90,1
DA:91,1
DA:93,1
DA:94,1
DA:96,1
DA:97,1
DA:102,1
DA:106,4
LF:43
LH:43
BRDA:41,0,0,12
BRDA:41,1,0,23
BRDA:41,1,1,21
BRDA:48,2,0,2
BRDA:59,3,0,1
BRDA:59,3,1,1
BRDA:68,4,0,1
BRDA:68,4,1,1
BRDA:68,4,2,1
BRDA:68,4,3,1
BRDA:85,5,0,1
BRDA:85,5,1,1
BRDA:85,5,2,1
BRDA:85,5,3,1
BRF:14
BRH:14
end_of_record
TN:
SF:src\functions\place.ts
FN:6,placeCommand
FNF:1
FNH:1
FNDA:4,placeCommand
DA:2,2
DA:3,2
DA:10,4
DA:11,1
DA:14,3
DA:15,3
DA:16,3
DA:18,3
DA:20,1
DA:22,2
DA:24,1
DA:26,1
DA:28,1
DA:32,0
DA:33,0
DA:36,2
LF:16
LH:14
BRDA:10,0,0,1
BRDA:18,1,0,1
BRDA:22,2,0,1
BRDA:22,3,0,2
BRDA:22,3,1,1
BRDA:26,4,0,1
BRDA:26,5,0,1
BRDA:26,5,1,0
BRDA:26,5,2,0
BRDA:26,5,3,0
BRF:10
BRH:7
end_of_record
TN:
SF:src\utils\constants.ts
FNF:0
FNH:0
DA:1,2
DA:15,2
DA:16,2
DA:17,2
DA:19,2
DA:30,2
DA:32,2
DA:37,2
LF:8
LH:8
BRF:0
BRH:0
end_of_record
TN:
SF:src\utils\enums.ts
FN:1,(anonymous_0)
FN:8,(anonymous_1)
FN:15,(anonymous_2)
FN:22,(anonymous_3)
FNF:4
FNH:4
FNDA:5,(anonymous_0)
FNDA:5,(anonymous_1)
FNDA:5,(anonymous_2)
FNDA:5,(anonymous_3)
DA:1,5
DA:2,5
DA:3,5
DA:4,5
DA:5,5
DA:8,5
DA:9,5
DA:10,5
DA:11,5
DA:12,5
DA:15,5
DA:16,5
DA:17,5
DA:18,5
DA:19,5
DA:22,5
DA:23,5
DA:24,5
DA:25,5
DA:26,5
LF:20
LH:20
BRDA:1,0,0,5
BRDA:1,0,1,5
BRDA:8,1,0,5
BRDA:8,1,1,5
BRDA:15,2,0,5
BRDA:15,2,1,5
BRDA:22,3,0,5
BRDA:22,3,1,5
BRF:8
BRH:8
end_of_record
TN:
SF:src\utils\index.ts
FN:11,(anonymous_0)
FN:19,(anonymous_1)
FN:25,isValidDirection
FN:29,getRobotDirection
FNF:4
FNH:4
FNDA:21,(anonymous_0)
FNDA:6,(anonymous_1)
FNDA:3,isValidDirection
FNDA:4,getRobotDirection
DA:1,3
DA:11,3
DA:16,21
DA:19,3
DA:20,6
DA:21,6
DA:22,6
DA:25,3
DA:26,3
DA:29,3
DA:30,4
DA:32,1
DA:34,1
DA:36,1
DA:38,1
LF:15
LH:15
BRDA:30,0,0,1
BRDA:30,0,1,1
BRDA:30,0,2,1
BRDA:30,0,3,1
BRF:4
BRH:4
end_of_record
